  소스.cpp
C:\Users\yunso\Desktop\컴그\텀프로젝트\project\team-project\project\소스.cpp(141,51): warning C4267: '인수': 'size_t'에서 '_Ty'(으)로 변환하면서 데이터가 손실될 수 있습니다.
C:\Users\yunso\Desktop\컴그\텀프로젝트\project\team-project\project\소스.cpp(141,51): warning C4267:         with
C:\Users\yunso\Desktop\컴그\텀프로젝트\project\team-project\project\소스.cpp(141,51): warning C4267:         [
C:\Users\yunso\Desktop\컴그\텀프로젝트\project\team-project\project\소스.cpp(141,51): warning C4267:             _Ty=unsigned int
C:\Users\yunso\Desktop\컴그\텀프로젝트\project\team-project\project\소스.cpp(141,51): warning C4267:         ]
C:\Users\yunso\Desktop\컴그\텀프로젝트\project\team-project\project\소스.cpp(142,51): warning C4267: '인수': 'size_t'에서 '_Ty'(으)로 변환하면서 데이터가 손실될 수 있습니다.
C:\Users\yunso\Desktop\컴그\텀프로젝트\project\team-project\project\소스.cpp(142,51): warning C4267:         with
C:\Users\yunso\Desktop\컴그\텀프로젝트\project\team-project\project\소스.cpp(142,51): warning C4267:         [
C:\Users\yunso\Desktop\컴그\텀프로젝트\project\team-project\project\소스.cpp(142,51): warning C4267:             _Ty=unsigned int
C:\Users\yunso\Desktop\컴그\텀프로젝트\project\team-project\project\소스.cpp(142,51): warning C4267:         ]
C:\Users\yunso\Desktop\컴그\텀프로젝트\project\team-project\project\소스.cpp(143,51): warning C4267: '인수': 'size_t'에서 '_Ty'(으)로 변환하면서 데이터가 손실될 수 있습니다.
C:\Users\yunso\Desktop\컴그\텀프로젝트\project\team-project\project\소스.cpp(143,51): warning C4267:         with
C:\Users\yunso\Desktop\컴그\텀프로젝트\project\team-project\project\소스.cpp(143,51): warning C4267:         [
C:\Users\yunso\Desktop\컴그\텀프로젝트\project\team-project\project\소스.cpp(143,51): warning C4267:             _Ty=unsigned int
C:\Users\yunso\Desktop\컴그\텀프로젝트\project\team-project\project\소스.cpp(143,51): warning C4267:         ]
C:\Users\yunso\Desktop\컴그\텀프로젝트\project\team-project\project\소스.cpp(149,34): warning C4326: 'main'의 반환 형식이 'int'이어야 하는데 'void'입니다.
C:\Users\yunso\Desktop\컴그\텀프로젝트\project\team-project\project\소스.cpp(263,56): warning C4267: '인수': 'size_t'에서 'GLsizei'(으)로 변환하면서 데이터가 손실될 수 있습니다.
  LINK : C:\Users\yunso\Desktop\컴그\텀프로젝트\project\team-project\x64\Debug\project.exe을(를) 찾을 수 없거나 마지막 증분 링크에 의해 빌드되지 않았습니다. 전체 링크를 수행하고 있습니다.
  project.vcxproj -> C:\Users\yunso\Desktop\컴그\텀프로젝트\project\team-project\x64\Debug\project.exe
